2020-10-26 4:16:09 - PHP Warning:  include_once(C:/OpenServer/domains/storage/vendor/scss.inc.php): failed to open stream: No such file or directory in C:\OpenServer\domains\halkmarket\admin\controller\startup\sass.php on line 7
2020-10-26 4:16:09 - PHP Warning:  include_once(): Failed opening 'C:/OpenServer/domains/storage/vendor/scss.inc.php' for inclusion (include_path='.') in C:\OpenServer\domains\halkmarket\admin\controller\startup\sass.php on line 7
2020-10-26 4:16:11 - PHP Warning:  include_once(C:/OpenServer/domains/storage/vendor/scss.inc.php): failed to open stream: No such file or directory in C:\OpenServer\domains\halkmarket\admin\controller\startup\sass.php on line 7
2020-10-26 4:16:11 - PHP Warning:  include_once(): Failed opening 'C:/OpenServer/domains/storage/vendor/scss.inc.php' for inclusion (include_path='.') in C:\OpenServer\domains\halkmarket\admin\controller\startup\sass.php on line 7
2020-10-26 4:16:13 - PHP Warning:  include_once(C:/OpenServer/domains/storage/vendor/scss.inc.php): failed to open stream: No such file or directory in C:\OpenServer\domains\halkmarket\admin\controller\startup\sass.php on line 7
2020-10-26 4:16:13 - PHP Warning:  include_once(): Failed opening 'C:/OpenServer/domains/storage/vendor/scss.inc.php' for inclusion (include_path='.') in C:\OpenServer\domains\halkmarket\admin\controller\startup\sass.php on line 7
2020-10-26 6:30:33 - PHP Warning:  fopen(C:/OpenServer/domains/storage/modification/system/engine/action.php): failed to open stream: No such file or directory in C:\OpenServer\domains\halkmarket\admin\controller\marketplace\modification.php on line 413
2020-10-26 6:30:33 - PHP Warning:  fwrite() expects parameter 1 to be resource, bool given in C:\OpenServer\domains\halkmarket\admin\controller\marketplace\modification.php on line 415
2020-10-26 6:30:33 - PHP Warning:  fclose() expects parameter 1 to be resource, bool given in C:\OpenServer\domains\halkmarket\admin\controller\marketplace\modification.php on line 417
2020-10-26 6:30:33 - PHP Warning:  fopen(C:/OpenServer/domains/storage/modification/system/engine/loader.php): failed to open stream: No such file or directory in C:\OpenServer\domains\halkmarket\admin\controller\marketplace\modification.php on line 413
2020-10-26 6:30:33 - PHP Warning:  fwrite() expects parameter 1 to be resource, bool given in C:\OpenServer\domains\halkmarket\admin\controller\marketplace\modification.php on line 415
2020-10-26 6:30:33 - PHP Warning:  fclose() expects parameter 1 to be resource, bool given in C:\OpenServer\domains\halkmarket\admin\controller\marketplace\modification.php on line 417
2020-10-26 6:30:33 - PHP Warning:  fopen(C:/OpenServer/domains/storage/modification/system/library/config.php): failed to open stream: No such file or directory in C:\OpenServer\domains\halkmarket\admin\controller\marketplace\modification.php on line 413
2020-10-26 6:30:33 - PHP Warning:  fwrite() expects parameter 1 to be resource, bool given in C:\OpenServer\domains\halkmarket\admin\controller\marketplace\modification.php on line 415
2020-10-26 6:30:33 - PHP Warning:  fclose() expects parameter 1 to be resource, bool given in C:\OpenServer\domains\halkmarket\admin\controller\marketplace\modification.php on line 417
2020-10-26 6:30:33 - PHP Warning:  fopen(C:/OpenServer/domains/storage/modification/system/library/language.php): failed to open stream: No such file or directory in C:\OpenServer\domains\halkmarket\admin\controller\marketplace\modification.php on line 413
2020-10-26 6:30:33 - PHP Warning:  fwrite() expects parameter 1 to be resource, bool given in C:\OpenServer\domains\halkmarket\admin\controller\marketplace\modification.php on line 415
2020-10-26 6:30:33 - PHP Warning:  fclose() expects parameter 1 to be resource, bool given in C:\OpenServer\domains\halkmarket\admin\controller\marketplace\modification.php on line 417
2020-10-26 6:30:33 - PHP Warning:  fopen(C:/OpenServer/domains/storage/modification/system/library/template/template.php): failed to open stream: No such file or directory in C:\OpenServer\domains\halkmarket\admin\controller\marketplace\modification.php on line 413
2020-10-26 6:30:33 - PHP Warning:  fwrite() expects parameter 1 to be resource, bool given in C:\OpenServer\domains\halkmarket\admin\controller\marketplace\modification.php on line 415
2020-10-26 6:30:33 - PHP Warning:  fclose() expects parameter 1 to be resource, bool given in C:\OpenServer\domains\halkmarket\admin\controller\marketplace\modification.php on line 417
2020-10-26 6:30:33 - PHP Warning:  fopen(C:/OpenServer/domains/storage/modification/system/library/template/twig.php): failed to open stream: No such file or directory in C:\OpenServer\domains\halkmarket\admin\controller\marketplace\modification.php on line 413
2020-10-26 6:30:33 - PHP Warning:  fwrite() expects parameter 1 to be resource, bool given in C:\OpenServer\domains\halkmarket\admin\controller\marketplace\modification.php on line 415
2020-10-26 6:30:33 - PHP Warning:  fclose() expects parameter 1 to be resource, bool given in C:\OpenServer\domains\halkmarket\admin\controller\marketplace\modification.php on line 417
2020-10-26 6:30:33 - PHP Warning:  Cannot modify header information - headers already sent by (output started at C:\OpenServer\domains\halkmarket\admin\controller\startup\error.php:34) in C:\OpenServer\domains\halkmarket\system\library\response.php on line 36
2020-10-26 6:30:37 - PHP Warning:  fopen(C:/OpenServer/domains/storage/modification/system/engine/action.php): failed to open stream: No such file or directory in C:\OpenServer\domains\halkmarket\admin\controller\marketplace\modification.php on line 413
2020-10-26 6:30:37 - PHP Warning:  fwrite() expects parameter 1 to be resource, bool given in C:\OpenServer\domains\halkmarket\admin\controller\marketplace\modification.php on line 415
2020-10-26 6:30:37 - PHP Warning:  fclose() expects parameter 1 to be resource, bool given in C:\OpenServer\domains\halkmarket\admin\controller\marketplace\modification.php on line 417
2020-10-26 6:30:37 - PHP Warning:  fopen(C:/OpenServer/domains/storage/modification/system/engine/loader.php): failed to open stream: No such file or directory in C:\OpenServer\domains\halkmarket\admin\controller\marketplace\modification.php on line 413
2020-10-26 6:30:37 - PHP Warning:  fwrite() expects parameter 1 to be resource, bool given in C:\OpenServer\domains\halkmarket\admin\controller\marketplace\modification.php on line 415
2020-10-26 6:30:37 - PHP Warning:  fclose() expects parameter 1 to be resource, bool given in C:\OpenServer\domains\halkmarket\admin\controller\marketplace\modification.php on line 417
2020-10-26 6:30:37 - PHP Warning:  fopen(C:/OpenServer/domains/storage/modification/system/library/config.php): failed to open stream: No such file or directory in C:\OpenServer\domains\halkmarket\admin\controller\marketplace\modification.php on line 413
2020-10-26 6:30:37 - PHP Warning:  fwrite() expects parameter 1 to be resource, bool given in C:\OpenServer\domains\halkmarket\admin\controller\marketplace\modification.php on line 415
2020-10-26 6:30:37 - PHP Warning:  fclose() expects parameter 1 to be resource, bool given in C:\OpenServer\domains\halkmarket\admin\controller\marketplace\modification.php on line 417
2020-10-26 6:30:37 - PHP Warning:  fopen(C:/OpenServer/domains/storage/modification/system/library/language.php): failed to open stream: No such file or directory in C:\OpenServer\domains\halkmarket\admin\controller\marketplace\modification.php on line 413
2020-10-26 6:30:37 - PHP Warning:  fwrite() expects parameter 1 to be resource, bool given in C:\OpenServer\domains\halkmarket\admin\controller\marketplace\modification.php on line 415
2020-10-26 6:30:37 - PHP Warning:  fclose() expects parameter 1 to be resource, bool given in C:\OpenServer\domains\halkmarket\admin\controller\marketplace\modification.php on line 417
2020-10-26 6:30:37 - PHP Warning:  fopen(C:/OpenServer/domains/storage/modification/system/library/template/template.php): failed to open stream: No such file or directory in C:\OpenServer\domains\halkmarket\admin\controller\marketplace\modification.php on line 413
2020-10-26 6:30:37 - PHP Warning:  fwrite() expects parameter 1 to be resource, bool given in C:\OpenServer\domains\halkmarket\admin\controller\marketplace\modification.php on line 415
2020-10-26 6:30:37 - PHP Warning:  fclose() expects parameter 1 to be resource, bool given in C:\OpenServer\domains\halkmarket\admin\controller\marketplace\modification.php on line 417
2020-10-26 6:30:37 - PHP Warning:  fopen(C:/OpenServer/domains/storage/modification/system/library/template/twig.php): failed to open stream: No such file or directory in C:\OpenServer\domains\halkmarket\admin\controller\marketplace\modification.php on line 413
2020-10-26 6:30:37 - PHP Warning:  fwrite() expects parameter 1 to be resource, bool given in C:\OpenServer\domains\halkmarket\admin\controller\marketplace\modification.php on line 415
2020-10-26 6:30:37 - PHP Warning:  fclose() expects parameter 1 to be resource, bool given in C:\OpenServer\domains\halkmarket\admin\controller\marketplace\modification.php on line 417
2020-10-26 6:30:37 - PHP Warning:  Cannot modify header information - headers already sent by (output started at C:\OpenServer\domains\halkmarket\admin\controller\startup\error.php:34) in C:\OpenServer\domains\halkmarket\system\library\response.php on line 36
2020-10-26 6:30:39 - PHP Warning:  fopen(C:/OpenServer/domains/storage/modification/system/engine/action.php): failed to open stream: No such file or directory in C:\OpenServer\domains\halkmarket\admin\controller\marketplace\modification.php on line 413
2020-10-26 6:30:39 - PHP Warning:  fwrite() expects parameter 1 to be resource, bool given in C:\OpenServer\domains\halkmarket\admin\controller\marketplace\modification.php on line 415
2020-10-26 6:30:39 - PHP Warning:  fclose() expects parameter 1 to be resource, bool given in C:\OpenServer\domains\halkmarket\admin\controller\marketplace\modification.php on line 417
2020-10-26 6:30:39 - PHP Warning:  fopen(C:/OpenServer/domains/storage/modification/system/engine/loader.php): failed to open stream: No such file or directory in C:\OpenServer\domains\halkmarket\admin\controller\marketplace\modification.php on line 413
2020-10-26 6:30:39 - PHP Warning:  fwrite() expects parameter 1 to be resource, bool given in C:\OpenServer\domains\halkmarket\admin\controller\marketplace\modification.php on line 415
2020-10-26 6:30:39 - PHP Warning:  fclose() expects parameter 1 to be resource, bool given in C:\OpenServer\domains\halkmarket\admin\controller\marketplace\modification.php on line 417
2020-10-26 6:30:39 - PHP Warning:  fopen(C:/OpenServer/domains/storage/modification/system/library/config.php): failed to open stream: No such file or directory in C:\OpenServer\domains\halkmarket\admin\controller\marketplace\modification.php on line 413
2020-10-26 6:30:39 - PHP Warning:  fwrite() expects parameter 1 to be resource, bool given in C:\OpenServer\domains\halkmarket\admin\controller\marketplace\modification.php on line 415
2020-10-26 6:30:39 - PHP Warning:  fclose() expects parameter 1 to be resource, bool given in C:\OpenServer\domains\halkmarket\admin\controller\marketplace\modification.php on line 417
2020-10-26 6:30:39 - PHP Warning:  fopen(C:/OpenServer/domains/storage/modification/system/library/language.php): failed to open stream: No such file or directory in C:\OpenServer\domains\halkmarket\admin\controller\marketplace\modification.php on line 413
2020-10-26 6:30:39 - PHP Warning:  fwrite() expects parameter 1 to be resource, bool given in C:\OpenServer\domains\halkmarket\admin\controller\marketplace\modification.php on line 415
2020-10-26 6:30:39 - PHP Warning:  fclose() expects parameter 1 to be resource, bool given in C:\OpenServer\domains\halkmarket\admin\controller\marketplace\modification.php on line 417
2020-10-26 6:30:39 - PHP Warning:  fopen(C:/OpenServer/domains/storage/modification/system/library/template/template.php): failed to open stream: No such file or directory in C:\OpenServer\domains\halkmarket\admin\controller\marketplace\modification.php on line 413
2020-10-26 6:30:39 - PHP Warning:  fwrite() expects parameter 1 to be resource, bool given in C:\OpenServer\domains\halkmarket\admin\controller\marketplace\modification.php on line 415
2020-10-26 6:30:39 - PHP Warning:  fclose() expects parameter 1 to be resource, bool given in C:\OpenServer\domains\halkmarket\admin\controller\marketplace\modification.php on line 417
2020-10-26 6:30:39 - PHP Warning:  fopen(C:/OpenServer/domains/storage/modification/system/library/template/twig.php): failed to open stream: No such file or directory in C:\OpenServer\domains\halkmarket\admin\controller\marketplace\modification.php on line 413
2020-10-26 6:30:39 - PHP Warning:  fwrite() expects parameter 1 to be resource, bool given in C:\OpenServer\domains\halkmarket\admin\controller\marketplace\modification.php on line 415
2020-10-26 6:30:39 - PHP Warning:  fclose() expects parameter 1 to be resource, bool given in C:\OpenServer\domains\halkmarket\admin\controller\marketplace\modification.php on line 417
2020-10-26 6:30:39 - PHP Warning:  Cannot modify header information - headers already sent by (output started at C:\OpenServer\domains\halkmarket\admin\controller\startup\error.php:34) in C:\OpenServer\domains\halkmarket\system\library\response.php on line 36
2020-10-27 6:27:47 - PHP Warning:  fopen(C:/OpenServer/domains/storage/modification/system/engine/action.php): failed to open stream: No such file or directory in C:\OpenServer\domains\halkmarket\admin\controller\marketplace\modification.php on line 413
2020-10-27 6:27:47 - PHP Warning:  fwrite() expects parameter 1 to be resource, bool given in C:\OpenServer\domains\halkmarket\admin\controller\marketplace\modification.php on line 415
2020-10-27 6:27:47 - PHP Warning:  fclose() expects parameter 1 to be resource, bool given in C:\OpenServer\domains\halkmarket\admin\controller\marketplace\modification.php on line 417
2020-10-27 6:27:47 - PHP Warning:  fopen(C:/OpenServer/domains/storage/modification/system/engine/loader.php): failed to open stream: No such file or directory in C:\OpenServer\domains\halkmarket\admin\controller\marketplace\modification.php on line 413
2020-10-27 6:27:47 - PHP Warning:  fwrite() expects parameter 1 to be resource, bool given in C:\OpenServer\domains\halkmarket\admin\controller\marketplace\modification.php on line 415
2020-10-27 6:27:47 - PHP Warning:  fclose() expects parameter 1 to be resource, bool given in C:\OpenServer\domains\halkmarket\admin\controller\marketplace\modification.php on line 417
2020-10-27 6:27:47 - PHP Warning:  fopen(C:/OpenServer/domains/storage/modification/system/library/config.php): failed to open stream: No such file or directory in C:\OpenServer\domains\halkmarket\admin\controller\marketplace\modification.php on line 413
2020-10-27 6:27:47 - PHP Warning:  fwrite() expects parameter 1 to be resource, bool given in C:\OpenServer\domains\halkmarket\admin\controller\marketplace\modification.php on line 415
2020-10-27 6:27:47 - PHP Warning:  fclose() expects parameter 1 to be resource, bool given in C:\OpenServer\domains\halkmarket\admin\controller\marketplace\modification.php on line 417
2020-10-27 6:27:47 - PHP Warning:  fopen(C:/OpenServer/domains/storage/modification/system/library/language.php): failed to open stream: No such file or directory in C:\OpenServer\domains\halkmarket\admin\controller\marketplace\modification.php on line 413
2020-10-27 6:27:47 - PHP Warning:  fwrite() expects parameter 1 to be resource, bool given in C:\OpenServer\domains\halkmarket\admin\controller\marketplace\modification.php on line 415
2020-10-27 6:27:47 - PHP Warning:  fclose() expects parameter 1 to be resource, bool given in C:\OpenServer\domains\halkmarket\admin\controller\marketplace\modification.php on line 417
2020-10-27 6:27:47 - PHP Warning:  fopen(C:/OpenServer/domains/storage/modification/system/library/template/template.php): failed to open stream: No such file or directory in C:\OpenServer\domains\halkmarket\admin\controller\marketplace\modification.php on line 413
2020-10-27 6:27:47 - PHP Warning:  fwrite() expects parameter 1 to be resource, bool given in C:\OpenServer\domains\halkmarket\admin\controller\marketplace\modification.php on line 415
2020-10-27 6:27:47 - PHP Warning:  fclose() expects parameter 1 to be resource, bool given in C:\OpenServer\domains\halkmarket\admin\controller\marketplace\modification.php on line 417
2020-10-27 6:27:47 - PHP Warning:  fopen(C:/OpenServer/domains/storage/modification/system/library/template/twig.php): failed to open stream: No such file or directory in C:\OpenServer\domains\halkmarket\admin\controller\marketplace\modification.php on line 413
2020-10-27 6:27:47 - PHP Warning:  fwrite() expects parameter 1 to be resource, bool given in C:\OpenServer\domains\halkmarket\admin\controller\marketplace\modification.php on line 415
2020-10-27 6:27:47 - PHP Warning:  fclose() expects parameter 1 to be resource, bool given in C:\OpenServer\domains\halkmarket\admin\controller\marketplace\modification.php on line 417
2020-10-27 6:27:47 - PHP Warning:  Cannot modify header information - headers already sent by (output started at C:\OpenServer\domains\halkmarket\admin\controller\startup\error.php:34) in C:\OpenServer\domains\halkmarket\system\library\response.php on line 36
2020-10-27 12:11:27 - PHP Warning:  rmdir(C:/OpenServer/domains/halkmarket/image/cache/catalog/demo): Directory not empty in C:\OpenServer\domains\halkmarket\admin\controller\common\developer.php on line 242
2020-10-27 12:11:27 - PHP Warning:  rmdir(C:/OpenServer/domains/halkmarket/image/cache/catalog/halkmarket): Directory not empty in C:\OpenServer\domains\halkmarket\admin\controller\common\developer.php on line 242
2020-10-27 12:11:27 - PHP Warning:  rmdir(C:/OpenServer/domains/halkmarket/image/cache/catalog): Directory not empty in C:\OpenServer\domains\halkmarket\admin\controller\common\developer.php on line 242
2020-10-27 12:11:32 - PHP Warning:  rmdir(C:/OpenServer/domains/halkmarket/image/cache/catalog): Directory not empty in C:\OpenServer\domains\halkmarket\admin\controller\common\developer.php on line 242
2020-10-27 12:12:46 - PHP Warning:  rmdir(C:/OpenServer/domains/halkmarket/image/cache/catalog/demo): Directory not empty in C:\OpenServer\domains\halkmarket\admin\controller\common\developer.php on line 242
2020-10-27 12:12:46 - PHP Warning:  rmdir(C:/OpenServer/domains/halkmarket/image/cache/catalog/halkmarket): Directory not empty in C:\OpenServer\domains\halkmarket\admin\controller\common\developer.php on line 242
2020-10-27 12:12:46 - PHP Warning:  rmdir(C:/OpenServer/domains/halkmarket/image/cache/catalog): Directory not empty in C:\OpenServer\domains\halkmarket\admin\controller\common\developer.php on line 242
2020-10-27 12:13:00 - PHP Warning:  rmdir(C:/OpenServer/domains/halkmarket/image/cache/catalog/demo): Directory not empty in C:\OpenServer\domains\halkmarket\admin\controller\common\developer.php on line 242
2020-10-27 12:13:00 - PHP Warning:  rmdir(C:/OpenServer/domains/halkmarket/image/cache/catalog/halkmarket): Directory not empty in C:\OpenServer\domains\halkmarket\admin\controller\common\developer.php on line 242
2020-10-27 12:13:00 - PHP Warning:  rmdir(C:/OpenServer/domains/halkmarket/image/cache/catalog): Directory not empty in C:\OpenServer\domains\halkmarket\admin\controller\common\developer.php on line 242
2020-10-27 12:14:37 - PHP Warning:  rmdir(C:/OpenServer/domains/halkmarket/image/cache/catalog/demo): Directory not empty in C:\OpenServer\domains\halkmarket\admin\controller\common\developer.php on line 242
2020-10-27 12:14:37 - PHP Warning:  rmdir(C:/OpenServer/domains/halkmarket/image/cache/catalog/halkmarket): Directory not empty in C:\OpenServer\domains\halkmarket\admin\controller\common\developer.php on line 242
2020-10-27 12:14:37 - PHP Warning:  rmdir(C:/OpenServer/domains/halkmarket/image/cache/catalog): Directory not empty in C:\OpenServer\domains\halkmarket\admin\controller\common\developer.php on line 242
2020-10-27 12:14:51 - PHP Warning:  rmdir(C:/OpenServer/domains/halkmarket/image/cache/catalog): Directory not empty in C:\OpenServer\domains\halkmarket\admin\controller\common\developer.php on line 242
2020-10-27 12:15:36 - PHP Warning:  fopen(C:/OpenServer/domains/storage/modification/system/engine/action.php): failed to open stream: No such file or directory in C:\OpenServer\domains\halkmarket\admin\controller\marketplace\modification.php on line 413
2020-10-27 12:15:36 - PHP Warning:  fwrite() expects parameter 1 to be resource, bool given in C:\OpenServer\domains\halkmarket\admin\controller\marketplace\modification.php on line 415
2020-10-27 12:15:36 - PHP Warning:  fclose() expects parameter 1 to be resource, bool given in C:\OpenServer\domains\halkmarket\admin\controller\marketplace\modification.php on line 417
2020-10-27 12:15:36 - PHP Warning:  fopen(C:/OpenServer/domains/storage/modification/system/engine/loader.php): failed to open stream: No such file or directory in C:\OpenServer\domains\halkmarket\admin\controller\marketplace\modification.php on line 413
2020-10-27 12:15:36 - PHP Warning:  fwrite() expects parameter 1 to be resource, bool given in C:\OpenServer\domains\halkmarket\admin\controller\marketplace\modification.php on line 415
2020-10-27 12:15:36 - PHP Warning:  fclose() expects parameter 1 to be resource, bool given in C:\OpenServer\domains\halkmarket\admin\controller\marketplace\modification.php on line 417
2020-10-27 12:15:36 - PHP Warning:  fopen(C:/OpenServer/domains/storage/modification/system/library/config.php): failed to open stream: No such file or directory in C:\OpenServer\domains\halkmarket\admin\controller\marketplace\modification.php on line 413
2020-10-27 12:15:36 - PHP Warning:  fwrite() expects parameter 1 to be resource, bool given in C:\OpenServer\domains\halkmarket\admin\controller\marketplace\modification.php on line 415
2020-10-27 12:15:36 - PHP Warning:  fclose() expects parameter 1 to be resource, bool given in C:\OpenServer\domains\halkmarket\admin\controller\marketplace\modification.php on line 417
2020-10-27 12:15:36 - PHP Warning:  fopen(C:/OpenServer/domains/storage/modification/system/library/language.php): failed to open stream: No such file or directory in C:\OpenServer\domains\halkmarket\admin\controller\marketplace\modification.php on line 413
2020-10-27 12:15:36 - PHP Warning:  fwrite() expects parameter 1 to be resource, bool given in C:\OpenServer\domains\halkmarket\admin\controller\marketplace\modification.php on line 415
2020-10-27 12:15:36 - PHP Warning:  fclose() expects parameter 1 to be resource, bool given in C:\OpenServer\domains\halkmarket\admin\controller\marketplace\modification.php on line 417
2020-10-27 12:15:36 - PHP Warning:  fopen(C:/OpenServer/domains/storage/modification/system/library/template/template.php): failed to open stream: No such file or directory in C:\OpenServer\domains\halkmarket\admin\controller\marketplace\modification.php on line 413
2020-10-27 12:15:36 - PHP Warning:  fwrite() expects parameter 1 to be resource, bool given in C:\OpenServer\domains\halkmarket\admin\controller\marketplace\modification.php on line 415
2020-10-27 12:15:36 - PHP Warning:  fclose() expects parameter 1 to be resource, bool given in C:\OpenServer\domains\halkmarket\admin\controller\marketplace\modification.php on line 417
2020-10-27 12:15:36 - PHP Warning:  fopen(C:/OpenServer/domains/storage/modification/system/library/template/twig.php): failed to open stream: No such file or directory in C:\OpenServer\domains\halkmarket\admin\controller\marketplace\modification.php on line 413
2020-10-27 12:15:36 - PHP Warning:  fwrite() expects parameter 1 to be resource, bool given in C:\OpenServer\domains\halkmarket\admin\controller\marketplace\modification.php on line 415
2020-10-27 12:15:36 - PHP Warning:  fclose() expects parameter 1 to be resource, bool given in C:\OpenServer\domains\halkmarket\admin\controller\marketplace\modification.php on line 417
2020-10-27 12:15:36 - PHP Warning:  Cannot modify header information - headers already sent by (output started at C:\OpenServer\domains\halkmarket\admin\controller\startup\error.php:34) in C:\OpenServer\domains\halkmarket\system\library\response.php on line 36
2020-10-27 12:15:44 - PHP Warning:  fopen(C:/OpenServer/domains/storage/modification/system/engine/action.php): failed to open stream: No such file or directory in C:\OpenServer\domains\halkmarket\admin\controller\marketplace\modification.php on line 413
2020-10-27 12:15:44 - PHP Warning:  fwrite() expects parameter 1 to be resource, bool given in C:\OpenServer\domains\halkmarket\admin\controller\marketplace\modification.php on line 415
2020-10-27 12:15:44 - PHP Warning:  fclose() expects parameter 1 to be resource, bool given in C:\OpenServer\domains\halkmarket\admin\controller\marketplace\modification.php on line 417
2020-10-27 12:15:44 - PHP Warning:  fopen(C:/OpenServer/domains/storage/modification/system/engine/loader.php): failed to open stream: No such file or directory in C:\OpenServer\domains\halkmarket\admin\controller\marketplace\modification.php on line 413
2020-10-27 12:15:44 - PHP Warning:  fwrite() expects parameter 1 to be resource, bool given in C:\OpenServer\domains\halkmarket\admin\controller\marketplace\modification.php on line 415
2020-10-27 12:15:44 - PHP Warning:  fclose() expects parameter 1 to be resource, bool given in C:\OpenServer\domains\halkmarket\admin\controller\marketplace\modification.php on line 417
2020-10-27 12:15:44 - PHP Warning:  fopen(C:/OpenServer/domains/storage/modification/system/library/config.php): failed to open stream: No such file or directory in C:\OpenServer\domains\halkmarket\admin\controller\marketplace\modification.php on line 413
2020-10-27 12:15:44 - PHP Warning:  fwrite() expects parameter 1 to be resource, bool given in C:\OpenServer\domains\halkmarket\admin\controller\marketplace\modification.php on line 415
2020-10-27 12:15:44 - PHP Warning:  fclose() expects parameter 1 to be resource, bool given in C:\OpenServer\domains\halkmarket\admin\controller\marketplace\modification.php on line 417
2020-10-27 12:15:44 - PHP Warning:  fopen(C:/OpenServer/domains/storage/modification/system/library/language.php): failed to open stream: No such file or directory in C:\OpenServer\domains\halkmarket\admin\controller\marketplace\modification.php on line 413
2020-10-27 12:15:44 - PHP Warning:  fwrite() expects parameter 1 to be resource, bool given in C:\OpenServer\domains\halkmarket\admin\controller\marketplace\modification.php on line 415
2020-10-27 12:15:44 - PHP Warning:  fclose() expects parameter 1 to be resource, bool given in C:\OpenServer\domains\halkmarket\admin\controller\marketplace\modification.php on line 417
2020-10-27 12:15:44 - PHP Warning:  fopen(C:/OpenServer/domains/storage/modification/system/library/template/template.php): failed to open stream: No such file or directory in C:\OpenServer\domains\halkmarket\admin\controller\marketplace\modification.php on line 413
2020-10-27 12:15:44 - PHP Warning:  fwrite() expects parameter 1 to be resource, bool given in C:\OpenServer\domains\halkmarket\admin\controller\marketplace\modification.php on line 415
2020-10-27 12:15:44 - PHP Warning:  fclose() expects parameter 1 to be resource, bool given in C:\OpenServer\domains\halkmarket\admin\controller\marketplace\modification.php on line 417
2020-10-27 12:15:44 - PHP Warning:  fopen(C:/OpenServer/domains/storage/modification/system/library/template/twig.php): failed to open stream: No such file or directory in C:\OpenServer\domains\halkmarket\admin\controller\marketplace\modification.php on line 413
2020-10-27 12:15:44 - PHP Warning:  fwrite() expects parameter 1 to be resource, bool given in C:\OpenServer\domains\halkmarket\admin\controller\marketplace\modification.php on line 415
2020-10-27 12:15:44 - PHP Warning:  fclose() expects parameter 1 to be resource, bool given in C:\OpenServer\domains\halkmarket\admin\controller\marketplace\modification.php on line 417
2020-10-27 12:15:44 - PHP Warning:  Cannot modify header information - headers already sent by (output started at C:\OpenServer\domains\halkmarket\admin\controller\startup\error.php:34) in C:\OpenServer\domains\halkmarket\system\library\response.php on line 36
2020-10-27 12:19:13 - PHP Warning:  fopen(C:/OpenServer/domains/halkmarket/storage/modification/system/engine/action.php): failed to open stream: No such file or directory in C:\OpenServer\domains\halkmarket\admin\controller\marketplace\modification.php on line 413
2020-10-27 12:19:13 - PHP Warning:  fwrite() expects parameter 1 to be resource, bool given in C:\OpenServer\domains\halkmarket\admin\controller\marketplace\modification.php on line 415
2020-10-27 12:19:13 - PHP Warning:  fclose() expects parameter 1 to be resource, bool given in C:\OpenServer\domains\halkmarket\admin\controller\marketplace\modification.php on line 417
2020-10-27 12:19:13 - PHP Warning:  fopen(C:/OpenServer/domains/halkmarket/storage/modification/system/engine/loader.php): failed to open stream: No such file or directory in C:\OpenServer\domains\halkmarket\admin\controller\marketplace\modification.php on line 413
2020-10-27 12:19:13 - PHP Warning:  fwrite() expects parameter 1 to be resource, bool given in C:\OpenServer\domains\halkmarket\admin\controller\marketplace\modification.php on line 415
2020-10-27 12:19:13 - PHP Warning:  fclose() expects parameter 1 to be resource, bool given in C:\OpenServer\domains\halkmarket\admin\controller\marketplace\modification.php on line 417
2020-10-27 12:19:13 - PHP Warning:  fopen(C:/OpenServer/domains/halkmarket/storage/modification/system/library/config.php): failed to open stream: No such file or directory in C:\OpenServer\domains\halkmarket\admin\controller\marketplace\modification.php on line 413
2020-10-27 12:19:13 - PHP Warning:  fwrite() expects parameter 1 to be resource, bool given in C:\OpenServer\domains\halkmarket\admin\controller\marketplace\modification.php on line 415
2020-10-27 12:19:13 - PHP Warning:  fclose() expects parameter 1 to be resource, bool given in C:\OpenServer\domains\halkmarket\admin\controller\marketplace\modification.php on line 417
2020-10-27 12:19:13 - PHP Warning:  fopen(C:/OpenServer/domains/halkmarket/storage/modification/system/library/language.php): failed to open stream: No such file or directory in C:\OpenServer\domains\halkmarket\admin\controller\marketplace\modification.php on line 413
2020-10-27 12:19:13 - PHP Warning:  fwrite() expects parameter 1 to be resource, bool given in C:\OpenServer\domains\halkmarket\admin\controller\marketplace\modification.php on line 415
2020-10-27 12:19:13 - PHP Warning:  fclose() expects parameter 1 to be resource, bool given in C:\OpenServer\domains\halkmarket\admin\controller\marketplace\modification.php on line 417
2020-10-27 12:19:13 - PHP Warning:  fopen(C:/OpenServer/domains/halkmarket/storage/modification/system/library/template/template.php): failed to open stream: No such file or directory in C:\OpenServer\domains\halkmarket\admin\controller\marketplace\modification.php on line 413
2020-10-27 12:19:13 - PHP Warning:  fwrite() expects parameter 1 to be resource, bool given in C:\OpenServer\domains\halkmarket\admin\controller\marketplace\modification.php on line 415
2020-10-27 12:19:13 - PHP Warning:  fclose() expects parameter 1 to be resource, bool given in C:\OpenServer\domains\halkmarket\admin\controller\marketplace\modification.php on line 417
2020-10-27 12:19:13 - PHP Warning:  fopen(C:/OpenServer/domains/halkmarket/storage/modification/system/library/template/twig.php): failed to open stream: No such file or directory in C:\OpenServer\domains\halkmarket\admin\controller\marketplace\modification.php on line 413
2020-10-27 12:19:13 - PHP Warning:  fwrite() expects parameter 1 to be resource, bool given in C:\OpenServer\domains\halkmarket\admin\controller\marketplace\modification.php on line 415
2020-10-27 12:19:13 - PHP Warning:  fclose() expects parameter 1 to be resource, bool given in C:\OpenServer\domains\halkmarket\admin\controller\marketplace\modification.php on line 417
2020-10-27 12:19:13 - PHP Warning:  Cannot modify header information - headers already sent by (output started at C:\OpenServer\domains\halkmarket\admin\controller\startup\error.php:34) in C:\OpenServer\domains\halkmarket\system\library\response.php on line 36
2020-10-27 12:19:22 - PHP Warning:  fopen(C:/OpenServer/domains/halkmarket/storage/modification/system/engine/action.php): failed to open stream: No such file or directory in C:\OpenServer\domains\halkmarket\admin\controller\marketplace\modification.php on line 413
2020-10-27 12:19:22 - PHP Warning:  fwrite() expects parameter 1 to be resource, bool given in C:\OpenServer\domains\halkmarket\admin\controller\marketplace\modification.php on line 415
2020-10-27 12:19:22 - PHP Warning:  fclose() expects parameter 1 to be resource, bool given in C:\OpenServer\domains\halkmarket\admin\controller\marketplace\modification.php on line 417
2020-10-27 12:19:22 - PHP Warning:  fopen(C:/OpenServer/domains/halkmarket/storage/modification/system/engine/loader.php): failed to open stream: No such file or directory in C:\OpenServer\domains\halkmarket\admin\controller\marketplace\modification.php on line 413
2020-10-27 12:19:22 - PHP Warning:  fwrite() expects parameter 1 to be resource, bool given in C:\OpenServer\domains\halkmarket\admin\controller\marketplace\modification.php on line 415
2020-10-27 12:19:22 - PHP Warning:  fclose() expects parameter 1 to be resource, bool given in C:\OpenServer\domains\halkmarket\admin\controller\marketplace\modification.php on line 417
2020-10-27 12:19:22 - PHP Warning:  fopen(C:/OpenServer/domains/halkmarket/storage/modification/system/library/config.php): failed to open stream: No such file or directory in C:\OpenServer\domains\halkmarket\admin\controller\marketplace\modification.php on line 413
2020-10-27 12:19:22 - PHP Warning:  fwrite() expects parameter 1 to be resource, bool given in C:\OpenServer\domains\halkmarket\admin\controller\marketplace\modification.php on line 415
2020-10-27 12:19:22 - PHP Warning:  fclose() expects parameter 1 to be resource, bool given in C:\OpenServer\domains\halkmarket\admin\controller\marketplace\modification.php on line 417
2020-10-27 12:19:22 - PHP Warning:  fopen(C:/OpenServer/domains/halkmarket/storage/modification/system/library/language.php): failed to open stream: No such file or directory in C:\OpenServer\domains\halkmarket\admin\controller\marketplace\modification.php on line 413
2020-10-27 12:19:22 - PHP Warning:  fwrite() expects parameter 1 to be resource, bool given in C:\OpenServer\domains\halkmarket\admin\controller\marketplace\modification.php on line 415
2020-10-27 12:19:22 - PHP Warning:  fclose() expects parameter 1 to be resource, bool given in C:\OpenServer\domains\halkmarket\admin\controller\marketplace\modification.php on line 417
2020-10-27 12:19:22 - PHP Warning:  fopen(C:/OpenServer/domains/halkmarket/storage/modification/system/library/template/template.php): failed to open stream: No such file or directory in C:\OpenServer\domains\halkmarket\admin\controller\marketplace\modification.php on line 413
2020-10-27 12:19:22 - PHP Warning:  fwrite() expects parameter 1 to be resource, bool given in C:\OpenServer\domains\halkmarket\admin\controller\marketplace\modification.php on line 415
2020-10-27 12:19:22 - PHP Warning:  fclose() expects parameter 1 to be resource, bool given in C:\OpenServer\domains\halkmarket\admin\controller\marketplace\modification.php on line 417
2020-10-27 12:19:22 - PHP Warning:  fopen(C:/OpenServer/domains/halkmarket/storage/modification/system/library/template/twig.php): failed to open stream: No such file or directory in C:\OpenServer\domains\halkmarket\admin\controller\marketplace\modification.php on line 413
2020-10-27 12:19:22 - PHP Warning:  fwrite() expects parameter 1 to be resource, bool given in C:\OpenServer\domains\halkmarket\admin\controller\marketplace\modification.php on line 415
2020-10-27 12:19:22 - PHP Warning:  fclose() expects parameter 1 to be resource, bool given in C:\OpenServer\domains\halkmarket\admin\controller\marketplace\modification.php on line 417
2020-10-27 12:19:22 - PHP Warning:  Cannot modify header information - headers already sent by (output started at C:\OpenServer\domains\halkmarket\admin\controller\startup\error.php:34) in C:\OpenServer\domains\halkmarket\system\library\response.php on line 36
2020-10-27 12:19:27 - PHP Warning:  fopen(C:/OpenServer/domains/halkmarket/storage/modification/system/engine/action.php): failed to open stream: No such file or directory in C:\OpenServer\domains\halkmarket\admin\controller\marketplace\modification.php on line 413
2020-10-27 12:19:27 - PHP Warning:  fwrite() expects parameter 1 to be resource, bool given in C:\OpenServer\domains\halkmarket\admin\controller\marketplace\modification.php on line 415
2020-10-27 12:19:27 - PHP Warning:  fclose() expects parameter 1 to be resource, bool given in C:\OpenServer\domains\halkmarket\admin\controller\marketplace\modification.php on line 417
2020-10-27 12:19:27 - PHP Warning:  fopen(C:/OpenServer/domains/halkmarket/storage/modification/system/engine/loader.php): failed to open stream: No such file or directory in C:\OpenServer\domains\halkmarket\admin\controller\marketplace\modification.php on line 413
2020-10-27 12:19:27 - PHP Warning:  fwrite() expects parameter 1 to be resource, bool given in C:\OpenServer\domains\halkmarket\admin\controller\marketplace\modification.php on line 415
2020-10-27 12:19:27 - PHP Warning:  fclose() expects parameter 1 to be resource, bool given in C:\OpenServer\domains\halkmarket\admin\controller\marketplace\modification.php on line 417
2020-10-27 12:19:27 - PHP Warning:  fopen(C:/OpenServer/domains/halkmarket/storage/modification/system/library/config.php): failed to open stream: No such file or directory in C:\OpenServer\domains\halkmarket\admin\controller\marketplace\modification.php on line 413
2020-10-27 12:19:27 - PHP Warning:  fwrite() expects parameter 1 to be resource, bool given in C:\OpenServer\domains\halkmarket\admin\controller\marketplace\modification.php on line 415
2020-10-27 12:19:27 - PHP Warning:  fclose() expects parameter 1 to be resource, bool given in C:\OpenServer\domains\halkmarket\admin\controller\marketplace\modification.php on line 417
2020-10-27 12:19:27 - PHP Warning:  fopen(C:/OpenServer/domains/halkmarket/storage/modification/system/library/language.php): failed to open stream: No such file or directory in C:\OpenServer\domains\halkmarket\admin\controller\marketplace\modification.php on line 413
2020-10-27 12:19:27 - PHP Warning:  fwrite() expects parameter 1 to be resource, bool given in C:\OpenServer\domains\halkmarket\admin\controller\marketplace\modification.php on line 415
2020-10-27 12:19:27 - PHP Warning:  fclose() expects parameter 1 to be resource, bool given in C:\OpenServer\domains\halkmarket\admin\controller\marketplace\modification.php on line 417
2020-10-27 12:19:27 - PHP Warning:  fopen(C:/OpenServer/domains/halkmarket/storage/modification/system/library/template/template.php): failed to open stream: No such file or directory in C:\OpenServer\domains\halkmarket\admin\controller\marketplace\modification.php on line 413
2020-10-27 12:19:27 - PHP Warning:  fwrite() expects parameter 1 to be resource, bool given in C:\OpenServer\domains\halkmarket\admin\controller\marketplace\modification.php on line 415
2020-10-27 12:19:27 - PHP Warning:  fclose() expects parameter 1 to be resource, bool given in C:\OpenServer\domains\halkmarket\admin\controller\marketplace\modification.php on line 417
2020-10-27 12:19:27 - PHP Warning:  fopen(C:/OpenServer/domains/halkmarket/storage/modification/system/library/template/twig.php): failed to open stream: No such file or directory in C:\OpenServer\domains\halkmarket\admin\controller\marketplace\modification.php on line 413
2020-10-27 12:19:27 - PHP Warning:  fwrite() expects parameter 1 to be resource, bool given in C:\OpenServer\domains\halkmarket\admin\controller\marketplace\modification.php on line 415
2020-10-27 12:19:27 - PHP Warning:  fclose() expects parameter 1 to be resource, bool given in C:\OpenServer\domains\halkmarket\admin\controller\marketplace\modification.php on line 417
2020-10-27 12:19:27 - PHP Warning:  Cannot modify header information - headers already sent by (output started at C:\OpenServer\domains\halkmarket\admin\controller\startup\error.php:34) in C:\OpenServer\domains\halkmarket\system\library\response.php on line 36
2020-10-27 12:21:10 - PHP Warning:  fopen(C:/OpenServer/domains/halkmarket/storage/modification/system/engine/action.php): failed to open stream: No such file or directory in C:\OpenServer\domains\halkmarket\admin\controller\marketplace\modification.php on line 413
2020-10-27 12:21:10 - PHP Warning:  fwrite() expects parameter 1 to be resource, bool given in C:\OpenServer\domains\halkmarket\admin\controller\marketplace\modification.php on line 415
2020-10-27 12:21:10 - PHP Warning:  fclose() expects parameter 1 to be resource, bool given in C:\OpenServer\domains\halkmarket\admin\controller\marketplace\modification.php on line 417
2020-10-27 12:21:10 - PHP Warning:  fopen(C:/OpenServer/domains/halkmarket/storage/modification/system/engine/loader.php): failed to open stream: No such file or directory in C:\OpenServer\domains\halkmarket\admin\controller\marketplace\modification.php on line 413
2020-10-27 12:21:10 - PHP Warning:  fwrite() expects parameter 1 to be resource, bool given in C:\OpenServer\domains\halkmarket\admin\controller\marketplace\modification.php on line 415
2020-10-27 12:21:10 - PHP Warning:  fclose() expects parameter 1 to be resource, bool given in C:\OpenServer\domains\halkmarket\admin\controller\marketplace\modification.php on line 417
2020-10-27 12:21:10 - PHP Warning:  fopen(C:/OpenServer/domains/halkmarket/storage/modification/system/library/config.php): failed to open stream: No such file or directory in C:\OpenServer\domains\halkmarket\admin\controller\marketplace\modification.php on line 413
2020-10-27 12:21:10 - PHP Warning:  fwrite() expects parameter 1 to be resource, bool given in C:\OpenServer\domains\halkmarket\admin\controller\marketplace\modification.php on line 415
2020-10-27 12:21:10 - PHP Warning:  fclose() expects parameter 1 to be resource, bool given in C:\OpenServer\domains\halkmarket\admin\controller\marketplace\modification.php on line 417
2020-10-27 12:21:10 - PHP Warning:  fopen(C:/OpenServer/domains/halkmarket/storage/modification/system/library/language.php): failed to open stream: No such file or directory in C:\OpenServer\domains\halkmarket\admin\controller\marketplace\modification.php on line 413
2020-10-27 12:21:10 - PHP Warning:  fwrite() expects parameter 1 to be resource, bool given in C:\OpenServer\domains\halkmarket\admin\controller\marketplace\modification.php on line 415
2020-10-27 12:21:10 - PHP Warning:  fclose() expects parameter 1 to be resource, bool given in C:\OpenServer\domains\halkmarket\admin\controller\marketplace\modification.php on line 417
2020-10-27 12:21:10 - PHP Warning:  fopen(C:/OpenServer/domains/halkmarket/storage/modification/system/library/template/template.php): failed to open stream: No such file or directory in C:\OpenServer\domains\halkmarket\admin\controller\marketplace\modification.php on line 413
2020-10-27 12:21:10 - PHP Warning:  fwrite() expects parameter 1 to be resource, bool given in C:\OpenServer\domains\halkmarket\admin\controller\marketplace\modification.php on line 415
2020-10-27 12:21:10 - PHP Warning:  fclose() expects parameter 1 to be resource, bool given in C:\OpenServer\domains\halkmarket\admin\controller\marketplace\modification.php on line 417
2020-10-27 12:21:10 - PHP Warning:  fopen(C:/OpenServer/domains/halkmarket/storage/modification/system/library/template/twig.php): failed to open stream: No such file or directory in C:\OpenServer\domains\halkmarket\admin\controller\marketplace\modification.php on line 413
2020-10-27 12:21:10 - PHP Warning:  fwrite() expects parameter 1 to be resource, bool given in C:\OpenServer\domains\halkmarket\admin\controller\marketplace\modification.php on line 415
2020-10-27 12:21:10 - PHP Warning:  fclose() expects parameter 1 to be resource, bool given in C:\OpenServer\domains\halkmarket\admin\controller\marketplace\modification.php on line 417
2020-10-27 12:21:10 - PHP Warning:  Cannot modify header information - headers already sent by (output started at C:\OpenServer\domains\halkmarket\admin\controller\startup\error.php:34) in C:\OpenServer\domains\halkmarket\system\library\response.php on line 36
2020-10-27 12:21:21 - PHP Warning:  fopen(C:/OpenServer/domains/halkmarket/storage/modification/system/engine/action.php): failed to open stream: No such file or directory in C:\OpenServer\domains\halkmarket\admin\controller\marketplace\modification.php on line 413
2020-10-27 12:21:21 - PHP Warning:  fwrite() expects parameter 1 to be resource, bool given in C:\OpenServer\domains\halkmarket\admin\controller\marketplace\modification.php on line 415
2020-10-27 12:21:21 - PHP Warning:  fclose() expects parameter 1 to be resource, bool given in C:\OpenServer\domains\halkmarket\admin\controller\marketplace\modification.php on line 417
2020-10-27 12:21:21 - PHP Warning:  fopen(C:/OpenServer/domains/halkmarket/storage/modification/system/engine/loader.php): failed to open stream: No such file or directory in C:\OpenServer\domains\halkmarket\admin\controller\marketplace\modification.php on line 413
2020-10-27 12:21:21 - PHP Warning:  fwrite() expects parameter 1 to be resource, bool given in C:\OpenServer\domains\halkmarket\admin\controller\marketplace\modification.php on line 415
2020-10-27 12:21:21 - PHP Warning:  fclose() expects parameter 1 to be resource, bool given in C:\OpenServer\domains\halkmarket\admin\controller\marketplace\modification.php on line 417
2020-10-27 12:21:21 - PHP Warning:  fopen(C:/OpenServer/domains/halkmarket/storage/modification/system/library/config.php): failed to open stream: No such file or directory in C:\OpenServer\domains\halkmarket\admin\controller\marketplace\modification.php on line 413
2020-10-27 12:21:21 - PHP Warning:  fwrite() expects parameter 1 to be resource, bool given in C:\OpenServer\domains\halkmarket\admin\controller\marketplace\modification.php on line 415
2020-10-27 12:21:21 - PHP Warning:  fclose() expects parameter 1 to be resource, bool given in C:\OpenServer\domains\halkmarket\admin\controller\marketplace\modification.php on line 417
2020-10-27 12:21:21 - PHP Warning:  fopen(C:/OpenServer/domains/halkmarket/storage/modification/system/library/language.php): failed to open stream: No such file or directory in C:\OpenServer\domains\halkmarket\admin\controller\marketplace\modification.php on line 413
2020-10-27 12:21:21 - PHP Warning:  fwrite() expects parameter 1 to be resource, bool given in C:\OpenServer\domains\halkmarket\admin\controller\marketplace\modification.php on line 415
2020-10-27 12:21:21 - PHP Warning:  fclose() expects parameter 1 to be resource, bool given in C:\OpenServer\domains\halkmarket\admin\controller\marketplace\modification.php on line 417
2020-10-27 12:21:21 - PHP Warning:  fopen(C:/OpenServer/domains/halkmarket/storage/modification/system/library/template/template.php): failed to open stream: No such file or directory in C:\OpenServer\domains\halkmarket\admin\controller\marketplace\modification.php on line 413
2020-10-27 12:21:21 - PHP Warning:  fwrite() expects parameter 1 to be resource, bool given in C:\OpenServer\domains\halkmarket\admin\controller\marketplace\modification.php on line 415
2020-10-27 12:21:21 - PHP Warning:  fclose() expects parameter 1 to be resource, bool given in C:\OpenServer\domains\halkmarket\admin\controller\marketplace\modification.php on line 417
2020-10-27 12:21:21 - PHP Warning:  fopen(C:/OpenServer/domains/halkmarket/storage/modification/system/library/template/twig.php): failed to open stream: No such file or directory in C:\OpenServer\domains\halkmarket\admin\controller\marketplace\modification.php on line 413
2020-10-27 12:21:21 - PHP Warning:  fwrite() expects parameter 1 to be resource, bool given in C:\OpenServer\domains\halkmarket\admin\controller\marketplace\modification.php on line 415
2020-10-27 12:21:21 - PHP Warning:  fclose() expects parameter 1 to be resource, bool given in C:\OpenServer\domains\halkmarket\admin\controller\marketplace\modification.php on line 417
2020-10-27 12:21:21 - PHP Warning:  Cannot modify header information - headers already sent by (output started at C:\OpenServer\domains\halkmarket\admin\controller\startup\error.php:34) in C:\OpenServer\domains\halkmarket\system\library\response.php on line 36
2020-10-27 12:21:22 - PHP Warning:  fopen(C:/OpenServer/domains/halkmarket/storage/modification/system/engine/action.php): failed to open stream: No such file or directory in C:\OpenServer\domains\halkmarket\admin\controller\marketplace\modification.php on line 413
2020-10-27 12:21:22 - PHP Warning:  fwrite() expects parameter 1 to be resource, bool given in C:\OpenServer\domains\halkmarket\admin\controller\marketplace\modification.php on line 415
2020-10-27 12:21:22 - PHP Warning:  fclose() expects parameter 1 to be resource, bool given in C:\OpenServer\domains\halkmarket\admin\controller\marketplace\modification.php on line 417
2020-10-27 12:21:22 - PHP Warning:  fopen(C:/OpenServer/domains/halkmarket/storage/modification/system/engine/loader.php): failed to open stream: No such file or directory in C:\OpenServer\domains\halkmarket\admin\controller\marketplace\modification.php on line 413
2020-10-27 12:21:22 - PHP Warning:  fwrite() expects parameter 1 to be resource, bool given in C:\OpenServer\domains\halkmarket\admin\controller\marketplace\modification.php on line 415
2020-10-27 12:21:22 - PHP Warning:  fclose() expects parameter 1 to be resource, bool given in C:\OpenServer\domains\halkmarket\admin\controller\marketplace\modification.php on line 417
2020-10-27 12:21:22 - PHP Warning:  fopen(C:/OpenServer/domains/halkmarket/storage/modification/system/library/config.php): failed to open stream: No such file or directory in C:\OpenServer\domains\halkmarket\admin\controller\marketplace\modification.php on line 413
2020-10-27 12:21:22 - PHP Warning:  fwrite() expects parameter 1 to be resource, bool given in C:\OpenServer\domains\halkmarket\admin\controller\marketplace\modification.php on line 415
2020-10-27 12:21:22 - PHP Warning:  fclose() expects parameter 1 to be resource, bool given in C:\OpenServer\domains\halkmarket\admin\controller\marketplace\modification.php on line 417
2020-10-27 12:21:22 - PHP Warning:  fopen(C:/OpenServer/domains/halkmarket/storage/modification/system/library/language.php): failed to open stream: No such file or directory in C:\OpenServer\domains\halkmarket\admin\controller\marketplace\modification.php on line 413
2020-10-27 12:21:22 - PHP Warning:  fwrite() expects parameter 1 to be resource, bool given in C:\OpenServer\domains\halkmarket\admin\controller\marketplace\modification.php on line 415
2020-10-27 12:21:22 - PHP Warning:  fclose() expects parameter 1 to be resource, bool given in C:\OpenServer\domains\halkmarket\admin\controller\marketplace\modification.php on line 417
2020-10-27 12:21:22 - PHP Warning:  fopen(C:/OpenServer/domains/halkmarket/storage/modification/system/library/template/template.php): failed to open stream: No such file or directory in C:\OpenServer\domains\halkmarket\admin\controller\marketplace\modification.php on line 413
2020-10-27 12:21:22 - PHP Warning:  fwrite() expects parameter 1 to be resource, bool given in C:\OpenServer\domains\halkmarket\admin\controller\marketplace\modification.php on line 415
2020-10-27 12:21:22 - PHP Warning:  fclose() expects parameter 1 to be resource, bool given in C:\OpenServer\domains\halkmarket\admin\controller\marketplace\modification.php on line 417
2020-10-27 12:21:22 - PHP Warning:  fopen(C:/OpenServer/domains/halkmarket/storage/modification/system/library/template/twig.php): failed to open stream: No such file or directory in C:\OpenServer\domains\halkmarket\admin\controller\marketplace\modification.php on line 413
2020-10-27 12:21:22 - PHP Warning:  fwrite() expects parameter 1 to be resource, bool given in C:\OpenServer\domains\halkmarket\admin\controller\marketplace\modification.php on line 415
2020-10-27 12:21:22 - PHP Warning:  fclose() expects parameter 1 to be resource, bool given in C:\OpenServer\domains\halkmarket\admin\controller\marketplace\modification.php on line 417
2020-10-27 12:21:22 - PHP Warning:  Cannot modify header information - headers already sent by (output started at C:\OpenServer\domains\halkmarket\admin\controller\startup\error.php:34) in C:\OpenServer\domains\halkmarket\system\library\response.php on line 36
2020-10-27 12:22:46 - PHP Warning:  rmdir(C:/OpenServer/domains/halkmarket/image/cache/catalog/demo): Directory not empty in C:\OpenServer\domains\halkmarket\admin\controller\common\developer.php on line 242
2020-10-27 12:22:46 - PHP Warning:  rmdir(C:/OpenServer/domains/halkmarket/image/cache/catalog/halkmarket): Directory not empty in C:\OpenServer\domains\halkmarket\admin\controller\common\developer.php on line 242
2020-10-27 12:22:46 - PHP Warning:  rmdir(C:/OpenServer/domains/halkmarket/image/cache/catalog): Directory not empty in C:\OpenServer\domains\halkmarket\admin\controller\common\developer.php on line 242
2020-10-27 12:27:57 - PHP Warning:  rmdir(C:/OpenServer/domains/halkmarket/image/cache/catalog/demo): Directory not empty in C:\OpenServer\domains\halkmarket\admin\controller\common\developer.php on line 242
2020-10-27 12:27:57 - PHP Warning:  rmdir(C:/OpenServer/domains/halkmarket/image/cache/catalog/halkmarket): Directory not empty in C:\OpenServer\domains\halkmarket\admin\controller\common\developer.php on line 242
2020-10-27 12:27:57 - PHP Warning:  rmdir(C:/OpenServer/domains/halkmarket/image/cache/catalog): Directory not empty in C:\OpenServer\domains\halkmarket\admin\controller\common\developer.php on line 242
2020-10-27 12:28:04 - PHP Warning:  rmdir(C:/OpenServer/domains/halkmarket/image/cache/catalog): Directory not empty in C:\OpenServer\domains\halkmarket\admin\controller\common\developer.php on line 242
2020-10-27 12:30:32 - PHP Warning:  rmdir(C:/OpenServer/domains/halkmarket/image/cache/catalog/demo): Directory not empty in C:\OpenServer\domains\halkmarket\admin\controller\common\developer.php on line 242
2020-10-27 12:30:32 - PHP Warning:  rmdir(C:/OpenServer/domains/halkmarket/image/cache/catalog/halkmarket): Directory not empty in C:\OpenServer\domains\halkmarket\admin\controller\common\developer.php on line 242
2020-10-27 12:30:32 - PHP Warning:  rmdir(C:/OpenServer/domains/halkmarket/image/cache/catalog): Directory not empty in C:\OpenServer\domains\halkmarket\admin\controller\common\developer.php on line 242
2020-10-27 12:31:31 - PHP Warning:  rmdir(C:/OpenServer/domains/halkmarket/image/cache/catalog/demo): Directory not empty in C:\OpenServer\domains\halkmarket\admin\controller\common\developer.php on line 242
2020-10-27 12:31:31 - PHP Warning:  rmdir(C:/OpenServer/domains/halkmarket/image/cache/catalog/halkmarket): Directory not empty in C:\OpenServer\domains\halkmarket\admin\controller\common\developer.php on line 242
2020-10-27 12:31:31 - PHP Warning:  rmdir(C:/OpenServer/domains/halkmarket/image/cache/catalog): Directory not empty in C:\OpenServer\domains\halkmarket\admin\controller\common\developer.php on line 242
2020-10-27 12:31:33 - PHP Warning:  rmdir(C:/OpenServer/domains/halkmarket/image/cache/catalog): Directory not empty in C:\OpenServer\domains\halkmarket\admin\controller\common\developer.php on line 242
2020-10-27 12:31:42 - PHP Warning:  rmdir(C:/OpenServer/domains/halkmarket/image/cache/catalog/demo): Directory not empty in C:\OpenServer\domains\halkmarket\admin\controller\common\developer.php on line 242
2020-10-27 12:31:42 - PHP Warning:  rmdir(C:/OpenServer/domains/halkmarket/image/cache/catalog/halkmarket): Directory not empty in C:\OpenServer\domains\halkmarket\admin\controller\common\developer.php on line 242
2020-10-27 12:31:42 - PHP Warning:  rmdir(C:/OpenServer/domains/halkmarket/image/cache/catalog): Directory not empty in C:\OpenServer\domains\halkmarket\admin\controller\common\developer.php on line 242
2020-10-27 12:31:43 - PHP Warning:  rmdir(C:/OpenServer/domains/halkmarket/image/cache/catalog): Directory not empty in C:\OpenServer\domains\halkmarket\admin\controller\common\developer.php on line 242
2020-10-27 12:33:15 - PHP Warning:  rmdir(C:/OpenServer/domains/halkmarket/image/cache/catalog/demo): Directory not empty in C:\OpenServer\domains\halkmarket\admin\controller\common\developer.php on line 242
2020-10-27 12:33:15 - PHP Warning:  rmdir(C:/OpenServer/domains/halkmarket/image/cache/catalog/halkmarket): Directory not empty in C:\OpenServer\domains\halkmarket\admin\controller\common\developer.php on line 242
2020-10-27 12:33:15 - PHP Warning:  rmdir(C:/OpenServer/domains/halkmarket/image/cache/catalog): Directory not empty in C:\OpenServer\domains\halkmarket\admin\controller\common\developer.php on line 242
2020-10-27 12:33:16 - PHP Warning:  rmdir(C:/OpenServer/domains/halkmarket/image/cache/catalog): Directory not empty in C:\OpenServer\domains\halkmarket\admin\controller\common\developer.php on line 242
2020-10-27 12:34:41 - PHP Warning:  rmdir(C:/OpenServer/domains/halkmarket/image/cache/catalog/demo): Directory not empty in C:\OpenServer\domains\halkmarket\admin\controller\common\developer.php on line 242
2020-10-27 12:34:41 - PHP Warning:  rmdir(C:/OpenServer/domains/halkmarket/image/cache/catalog/halkmarket): Directory not empty in C:\OpenServer\domains\halkmarket\admin\controller\common\developer.php on line 242
2020-10-27 12:34:41 - PHP Warning:  rmdir(C:/OpenServer/domains/halkmarket/image/cache/catalog): Directory not empty in C:\OpenServer\domains\halkmarket\admin\controller\common\developer.php on line 242
2020-10-27 12:40:48 - PHP Warning:  rmdir(C:/OpenServer/domains/halkmarket/image/cache/catalog/demo): Directory not empty in C:\OpenServer\domains\halkmarket\admin\controller\common\developer.php on line 242
2020-10-27 12:40:48 - PHP Warning:  rmdir(C:/OpenServer/domains/halkmarket/image/cache/catalog/halkmarket): Directory not empty in C:\OpenServer\domains\halkmarket\admin\controller\common\developer.php on line 242
2020-10-27 12:40:48 - PHP Warning:  rmdir(C:/OpenServer/domains/halkmarket/image/cache/catalog): Directory not empty in C:\OpenServer\domains\halkmarket\admin\controller\common\developer.php on line 242
2020-10-27 12:40:50 - PHP Warning:  rmdir(C:/OpenServer/domains/halkmarket/image/cache/catalog): Directory not empty in C:\OpenServer\domains\halkmarket\admin\controller\common\developer.php on line 242
2020-10-27 12:42:01 - PHP Warning:  rmdir(C:/OpenServer/domains/halkmarket/image/cache/catalog/demo): Directory not empty in C:\OpenServer\domains\halkmarket\admin\controller\common\developer.php on line 242
2020-10-27 12:42:01 - PHP Warning:  rmdir(C:/OpenServer/domains/halkmarket/image/cache/catalog/halkmarket): Directory not empty in C:\OpenServer\domains\halkmarket\admin\controller\common\developer.php on line 242
2020-10-27 12:42:01 - PHP Warning:  rmdir(C:/OpenServer/domains/halkmarket/image/cache/catalog): Directory not empty in C:\OpenServer\domains\halkmarket\admin\controller\common\developer.php on line 242
2020-10-27 12:42:04 - PHP Warning:  rmdir(C:/OpenServer/domains/halkmarket/image/cache/catalog): Directory not empty in C:\OpenServer\domains\halkmarket\admin\controller\common\developer.php on line 242
2020-10-28 5:27:47 - PHP Warning:  fopen(C:/OpenServer/domains/halkmarket/storage/modification/system/engine/action.php): failed to open stream: No such file or directory in C:\OpenServer\domains\halkmarket\admin\controller\marketplace\modification.php on line 413
2020-10-28 5:27:47 - PHP Warning:  fwrite() expects parameter 1 to be resource, bool given in C:\OpenServer\domains\halkmarket\admin\controller\marketplace\modification.php on line 415
2020-10-28 5:27:47 - PHP Warning:  fclose() expects parameter 1 to be resource, bool given in C:\OpenServer\domains\halkmarket\admin\controller\marketplace\modification.php on line 417
2020-10-28 5:27:47 - PHP Warning:  fopen(C:/OpenServer/domains/halkmarket/storage/modification/system/engine/loader.php): failed to open stream: No such file or directory in C:\OpenServer\domains\halkmarket\admin\controller\marketplace\modification.php on line 413
2020-10-28 5:27:47 - PHP Warning:  fwrite() expects parameter 1 to be resource, bool given in C:\OpenServer\domains\halkmarket\admin\controller\marketplace\modification.php on line 415
2020-10-28 5:27:47 - PHP Warning:  fclose() expects parameter 1 to be resource, bool given in C:\OpenServer\domains\halkmarket\admin\controller\marketplace\modification.php on line 417
2020-10-28 5:27:47 - PHP Warning:  fopen(C:/OpenServer/domains/halkmarket/storage/modification/system/library/config.php): failed to open stream: No such file or directory in C:\OpenServer\domains\halkmarket\admin\controller\marketplace\modification.php on line 413
2020-10-28 5:27:47 - PHP Warning:  fwrite() expects parameter 1 to be resource, bool given in C:\OpenServer\domains\halkmarket\admin\controller\marketplace\modification.php on line 415
2020-10-28 5:27:47 - PHP Warning:  fclose() expects parameter 1 to be resource, bool given in C:\OpenServer\domains\halkmarket\admin\controller\marketplace\modification.php on line 417
2020-10-28 5:27:47 - PHP Warning:  fopen(C:/OpenServer/domains/halkmarket/storage/modification/system/library/language.php): failed to open stream: No such file or directory in C:\OpenServer\domains\halkmarket\admin\controller\marketplace\modification.php on line 413
2020-10-28 5:27:47 - PHP Warning:  fwrite() expects parameter 1 to be resource, bool given in C:\OpenServer\domains\halkmarket\admin\controller\marketplace\modification.php on line 415
2020-10-28 5:27:47 - PHP Warning:  fclose() expects parameter 1 to be resource, bool given in C:\OpenServer\domains\halkmarket\admin\controller\marketplace\modification.php on line 417
2020-10-28 5:27:47 - PHP Warning:  fopen(C:/OpenServer/domains/halkmarket/storage/modification/system/library/template/template.php): failed to open stream: No such file or directory in C:\OpenServer\domains\halkmarket\admin\controller\marketplace\modification.php on line 413
2020-10-28 5:27:47 - PHP Warning:  fwrite() expects parameter 1 to be resource, bool given in C:\OpenServer\domains\halkmarket\admin\controller\marketplace\modification.php on line 415
2020-10-28 5:27:47 - PHP Warning:  fclose() expects parameter 1 to be resource, bool given in C:\OpenServer\domains\halkmarket\admin\controller\marketplace\modification.php on line 417
2020-10-28 5:27:47 - PHP Warning:  fopen(C:/OpenServer/domains/halkmarket/storage/modification/system/library/template/twig.php): failed to open stream: No such file or directory in C:\OpenServer\domains\halkmarket\admin\controller\marketplace\modification.php on line 413
2020-10-28 5:27:47 - PHP Warning:  fwrite() expects parameter 1 to be resource, bool given in C:\OpenServer\domains\halkmarket\admin\controller\marketplace\modification.php on line 415
2020-10-28 5:27:47 - PHP Warning:  fclose() expects parameter 1 to be resource, bool given in C:\OpenServer\domains\halkmarket\admin\controller\marketplace\modification.php on line 417
2020-10-28 5:27:47 - PHP Warning:  Cannot modify header information - headers already sent by (output started at C:\OpenServer\domains\halkmarket\admin\controller\startup\error.php:34) in C:\OpenServer\domains\halkmarket\system\library\response.php on line 36
2020-10-28 10:18:34 - PHP Notice:  Undefined index: banner_id in C:\OpenServer\domains\halkmarket\catalog\controller\extension\module\slideshow.php on line 17
2020-10-28 10:18:38 - PHP Notice:  Undefined index: banner_id in C:\OpenServer\domains\halkmarket\catalog\controller\extension\module\slideshow.php on line 17
2020-10-28 10:19:36 - PHP Notice:  Undefined index: banner_id in C:\OpenServer\domains\halkmarket\catalog\controller\extension\module\slideshow.php on line 17
2020-10-28 10:19:54 - PHP Notice:  Undefined index: banner_id in C:\OpenServer\domains\halkmarket\catalog\controller\extension\module\slideshow.php on line 17
2020-10-28 11:03:12 - PHP Notice:  Undefined index: path in C:\OpenServer\domains\halkmarket\catalog\controller\extension\module\featured_product.php on line 28
2020-10-28 11:03:24 - PHP Notice:  Undefined index: path in C:\OpenServer\domains\halkmarket\catalog\controller\extension\module\featured_product.php on line 28
2020-10-28 11:03:34 - PHP Notice:  Undefined index: path in C:\OpenServer\domains\halkmarket\catalog\controller\extension\module\featured_product.php on line 28
2020-10-28 11:03:49 - PHP Warning:  fopen(C:/OpenServer/domains/halkmarket/storage/modification/system/engine/action.php): failed to open stream: No such file or directory in C:\OpenServer\domains\halkmarket\admin\controller\marketplace\modification.php on line 413
2020-10-28 11:03:49 - PHP Warning:  fwrite() expects parameter 1 to be resource, bool given in C:\OpenServer\domains\halkmarket\admin\controller\marketplace\modification.php on line 415
2020-10-28 11:03:49 - PHP Warning:  fclose() expects parameter 1 to be resource, bool given in C:\OpenServer\domains\halkmarket\admin\controller\marketplace\modification.php on line 417
2020-10-28 11:03:49 - PHP Warning:  fopen(C:/OpenServer/domains/halkmarket/storage/modification/system/engine/loader.php): failed to open stream: No such file or directory in C:\OpenServer\domains\halkmarket\admin\controller\marketplace\modification.php on line 413
2020-10-28 11:03:49 - PHP Warning:  fwrite() expects parameter 1 to be resource, bool given in C:\OpenServer\domains\halkmarket\admin\controller\marketplace\modification.php on line 415
2020-10-28 11:03:49 - PHP Warning:  fclose() expects parameter 1 to be resource, bool given in C:\OpenServer\domains\halkmarket\admin\controller\marketplace\modification.php on line 417
2020-10-28 11:03:49 - PHP Warning:  fopen(C:/OpenServer/domains/halkmarket/storage/modification/system/library/config.php): failed to open stream: No such file or directory in C:\OpenServer\domains\halkmarket\admin\controller\marketplace\modification.php on line 413
2020-10-28 11:03:49 - PHP Warning:  fwrite() expects parameter 1 to be resource, bool given in C:\OpenServer\domains\halkmarket\admin\controller\marketplace\modification.php on line 415
2020-10-28 11:03:49 - PHP Warning:  fclose() expects parameter 1 to be resource, bool given in C:\OpenServer\domains\halkmarket\admin\controller\marketplace\modification.php on line 417
2020-10-28 11:03:49 - PHP Warning:  fopen(C:/OpenServer/domains/halkmarket/storage/modification/system/library/language.php): failed to open stream: No such file or directory in C:\OpenServer\domains\halkmarket\admin\controller\marketplace\modification.php on line 413
2020-10-28 11:03:49 - PHP Warning:  fwrite() expects parameter 1 to be resource, bool given in C:\OpenServer\domains\halkmarket\admin\controller\marketplace\modification.php on line 415
2020-10-28 11:03:49 - PHP Warning:  fclose() expects parameter 1 to be resource, bool given in C:\OpenServer\domains\halkmarket\admin\controller\marketplace\modification.php on line 417
2020-10-28 11:03:49 - PHP Warning:  fopen(C:/OpenServer/domains/halkmarket/storage/modification/system/library/template/template.php): failed to open stream: No such file or directory in C:\OpenServer\domains\halkmarket\admin\controller\marketplace\modification.php on line 413
2020-10-28 11:03:49 - PHP Warning:  fwrite() expects parameter 1 to be resource, bool given in C:\OpenServer\domains\halkmarket\admin\controller\marketplace\modification.php on line 415
2020-10-28 11:03:49 - PHP Warning:  fclose() expects parameter 1 to be resource, bool given in C:\OpenServer\domains\halkmarket\admin\controller\marketplace\modification.php on line 417
2020-10-28 11:03:49 - PHP Warning:  fopen(C:/OpenServer/domains/halkmarket/storage/modification/system/library/template/twig.php): failed to open stream: No such file or directory in C:\OpenServer\domains\halkmarket\admin\controller\marketplace\modification.php on line 413
2020-10-28 11:03:49 - PHP Warning:  fwrite() expects parameter 1 to be resource, bool given in C:\OpenServer\domains\halkmarket\admin\controller\marketplace\modification.php on line 415
2020-10-28 11:03:49 - PHP Warning:  fclose() expects parameter 1 to be resource, bool given in C:\OpenServer\domains\halkmarket\admin\controller\marketplace\modification.php on line 417
2020-10-28 11:03:49 - PHP Warning:  Cannot modify header information - headers already sent by (output started at C:\OpenServer\domains\halkmarket\admin\controller\startup\error.php:34) in C:\OpenServer\domains\halkmarket\system\library\response.php on line 36
2020-10-28 11:03:55 - PHP Warning:  fopen(C:/OpenServer/domains/halkmarket/storage/modification/system/engine/action.php): failed to open stream: No such file or directory in C:\OpenServer\domains\halkmarket\admin\controller\marketplace\modification.php on line 413
2020-10-28 11:03:55 - PHP Warning:  fwrite() expects parameter 1 to be resource, bool given in C:\OpenServer\domains\halkmarket\admin\controller\marketplace\modification.php on line 415
2020-10-28 11:03:55 - PHP Warning:  fclose() expects parameter 1 to be resource, bool given in C:\OpenServer\domains\halkmarket\admin\controller\marketplace\modification.php on line 417
2020-10-28 11:03:55 - PHP Warning:  fopen(C:/OpenServer/domains/halkmarket/storage/modification/system/engine/loader.php): failed to open stream: No such file or directory in C:\OpenServer\domains\halkmarket\admin\controller\marketplace\modification.php on line 413
2020-10-28 11:03:55 - PHP Warning:  fwrite() expects parameter 1 to be resource, bool given in C:\OpenServer\domains\halkmarket\admin\controller\marketplace\modification.php on line 415
2020-10-28 11:03:55 - PHP Warning:  fclose() expects parameter 1 to be resource, bool given in C:\OpenServer\domains\halkmarket\admin\controller\marketplace\modification.php on line 417
2020-10-28 11:03:55 - PHP Warning:  fopen(C:/OpenServer/domains/halkmarket/storage/modification/system/library/config.php): failed to open stream: No such file or directory in C:\OpenServer\domains\halkmarket\admin\controller\marketplace\modification.php on line 413
2020-10-28 11:03:55 - PHP Warning:  fwrite() expects parameter 1 to be resource, bool given in C:\OpenServer\domains\halkmarket\admin\controller\marketplace\modification.php on line 415
2020-10-28 11:03:55 - PHP Warning:  fclose() expects parameter 1 to be resource, bool given in C:\OpenServer\domains\halkmarket\admin\controller\marketplace\modification.php on line 417
2020-10-28 11:03:55 - PHP Warning:  fopen(C:/OpenServer/domains/halkmarket/storage/modification/system/library/language.php): failed to open stream: No such file or directory in C:\OpenServer\domains\halkmarket\admin\controller\marketplace\modification.php on line 413
2020-10-28 11:03:55 - PHP Warning:  fwrite() expects parameter 1 to be resource, bool given in C:\OpenServer\domains\halkmarket\admin\controller\marketplace\modification.php on line 415
2020-10-28 11:03:55 - PHP Warning:  fclose() expects parameter 1 to be resource, bool given in C:\OpenServer\domains\halkmarket\admin\controller\marketplace\modification.php on line 417
2020-10-28 11:03:55 - PHP Warning:  fopen(C:/OpenServer/domains/halkmarket/storage/modification/system/library/template/template.php): failed to open stream: No such file or directory in C:\OpenServer\domains\halkmarket\admin\controller\marketplace\modification.php on line 413
2020-10-28 11:03:55 - PHP Warning:  fwrite() expects parameter 1 to be resource, bool given in C:\OpenServer\domains\halkmarket\admin\controller\marketplace\modification.php on line 415
2020-10-28 11:03:55 - PHP Warning:  fclose() expects parameter 1 to be resource, bool given in C:\OpenServer\domains\halkmarket\admin\controller\marketplace\modification.php on line 417
2020-10-28 11:03:55 - PHP Warning:  fopen(C:/OpenServer/domains/halkmarket/storage/modification/system/library/template/twig.php): failed to open stream: No such file or directory in C:\OpenServer\domains\halkmarket\admin\controller\marketplace\modification.php on line 413
2020-10-28 11:03:55 - PHP Warning:  fwrite() expects parameter 1 to be resource, bool given in C:\OpenServer\domains\halkmarket\admin\controller\marketplace\modification.php on line 415
2020-10-28 11:03:55 - PHP Warning:  fclose() expects parameter 1 to be resource, bool given in C:\OpenServer\domains\halkmarket\admin\controller\marketplace\modification.php on line 417
2020-10-28 11:03:55 - PHP Warning:  Cannot modify header information - headers already sent by (output started at C:\OpenServer\domains\halkmarket\admin\controller\startup\error.php:34) in C:\OpenServer\domains\halkmarket\system\library\response.php on line 36
2020-10-28 11:04:00 - PHP Notice:  Undefined index: path in C:\OpenServer\domains\halkmarket\catalog\controller\extension\module\featured_product.php on line 28
2020-10-28 11:07:28 - PHP Notice:  Undefined index: path in C:\OpenServer\domains\halkmarket\catalog\controller\extension\module\featured_product.php on line 28
2020-10-29 10:03:01 - PHP Notice:  A non well formed numeric value encountered in C:\OpenServer\domains\halkmarket\system\library\image.php on line 149
2020-10-29 10:03:01 - PHP Notice:  A non well formed numeric value encountered in C:\OpenServer\domains\halkmarket\system\library\image.php on line 166
2020-10-29 10:03:01 - PHP Notice:  A non well formed numeric value encountered in C:\OpenServer\domains\halkmarket\system\library\image.php on line 169
2020-10-29 10:03:01 - PHP Notice:  A non well formed numeric value encountered in C:\OpenServer\domains\halkmarket\system\library\image.php on line 180
2020-11-02 3:42:38 - PHP Warning:  fopen(C:/OpenServer/domains/halkmarket/storage/modification/system/engine/action.php): failed to open stream: No such file or directory in C:\OpenServer\domains\halkmarket\admin\controller\marketplace\modification.php on line 413
2020-11-02 3:42:38 - PHP Warning:  fwrite() expects parameter 1 to be resource, bool given in C:\OpenServer\domains\halkmarket\admin\controller\marketplace\modification.php on line 415
2020-11-02 3:42:38 - PHP Warning:  fclose() expects parameter 1 to be resource, bool given in C:\OpenServer\domains\halkmarket\admin\controller\marketplace\modification.php on line 417
2020-11-02 3:42:38 - PHP Warning:  fopen(C:/OpenServer/domains/halkmarket/storage/modification/system/engine/loader.php): failed to open stream: No such file or directory in C:\OpenServer\domains\halkmarket\admin\controller\marketplace\modification.php on line 413
2020-11-02 3:42:38 - PHP Warning:  fwrite() expects parameter 1 to be resource, bool given in C:\OpenServer\domains\halkmarket\admin\controller\marketplace\modification.php on line 415
2020-11-02 3:42:38 - PHP Warning:  fclose() expects parameter 1 to be resource, bool given in C:\OpenServer\domains\halkmarket\admin\controller\marketplace\modification.php on line 417
2020-11-02 3:42:38 - PHP Warning:  fopen(C:/OpenServer/domains/halkmarket/storage/modification/system/library/config.php): failed to open stream: No such file or directory in C:\OpenServer\domains\halkmarket\admin\controller\marketplace\modification.php on line 413
2020-11-02 3:42:38 - PHP Warning:  fwrite() expects parameter 1 to be resource, bool given in C:\OpenServer\domains\halkmarket\admin\controller\marketplace\modification.php on line 415
2020-11-02 3:42:38 - PHP Warning:  fclose() expects parameter 1 to be resource, bool given in C:\OpenServer\domains\halkmarket\admin\controller\marketplace\modification.php on line 417
2020-11-02 3:42:38 - PHP Warning:  fopen(C:/OpenServer/domains/halkmarket/storage/modification/system/library/language.php): failed to open stream: No such file or directory in C:\OpenServer\domains\halkmarket\admin\controller\marketplace\modification.php on line 413
2020-11-02 3:42:38 - PHP Warning:  fwrite() expects parameter 1 to be resource, bool given in C:\OpenServer\domains\halkmarket\admin\controller\marketplace\modification.php on line 415
2020-11-02 3:42:38 - PHP Warning:  fclose() expects parameter 1 to be resource, bool given in C:\OpenServer\domains\halkmarket\admin\controller\marketplace\modification.php on line 417
2020-11-02 3:42:38 - PHP Warning:  fopen(C:/OpenServer/domains/halkmarket/storage/modification/system/library/template/template.php): failed to open stream: No such file or directory in C:\OpenServer\domains\halkmarket\admin\controller\marketplace\modification.php on line 413
2020-11-02 3:42:38 - PHP Warning:  fwrite() expects parameter 1 to be resource, bool given in C:\OpenServer\domains\halkmarket\admin\controller\marketplace\modification.php on line 415
2020-11-02 3:42:38 - PHP Warning:  fclose() expects parameter 1 to be resource, bool given in C:\OpenServer\domains\halkmarket\admin\controller\marketplace\modification.php on line 417
2020-11-02 3:42:38 - PHP Warning:  fopen(C:/OpenServer/domains/halkmarket/storage/modification/system/library/template/twig.php): failed to open stream: No such file or directory in C:\OpenServer\domains\halkmarket\admin\controller\marketplace\modification.php on line 413
2020-11-02 3:42:38 - PHP Warning:  fwrite() expects parameter 1 to be resource, bool given in C:\OpenServer\domains\halkmarket\admin\controller\marketplace\modification.php on line 415
2020-11-02 3:42:38 - PHP Warning:  fclose() expects parameter 1 to be resource, bool given in C:\OpenServer\domains\halkmarket\admin\controller\marketplace\modification.php on line 417
2020-11-02 3:42:38 - PHP Warning:  Cannot modify header information - headers already sent by (output started at C:\OpenServer\domains\halkmarket\admin\controller\startup\error.php:34) in C:\OpenServer\domains\halkmarket\system\library\response.php on line 36
2020-11-02 8:54:13 - PHP Warning:  unlink(C:/OpenServer/domains/halkmarket/storage/cache/cache.catalog.language.1604310851): Permission denied in C:\OpenServer\domains\halkmarket\system\library\cache\file.php on line 68
2020-11-04 6:07:51 - PHP Warning:  A non-numeric value encountered in C:\OpenServer\domains\halkmarket\system\library\template\Twig\Environment.php(403) : eval()'d code on line 239
